
56182 : 0x98548efb13dc3 : 4 : __ittapi_collector_init :  pthread_atfork() result: 0
56182 : 0x98548efb1e985 : 2 : ittapi_config_mask_get :  --itt-config mask to be applied: 17
56182 : 0x98548efb20695 : 2 : ittapi_config_apply_per_lib :  ITTAPI function instrumented: __itt_domain_create
56182 : 0x98548efb20e84 : 2 : ittapi_config_apply_per_lib :  ITTAPI function instrumented: __itt_string_handle_create
56182 : 0x98548efb215a3 : 2 : ittapi_config_apply_per_lib :  ITTAPI function instrumented: __itt_pause
56182 : 0x98548efb21b08 : 2 : ittapi_config_apply_per_lib :  ITTAPI function instrumented: __itt_resume
56182 : 0x98548efb221bf : 2 : ittapi_config_apply_per_lib :  ITTAPI function instrumented: __itt_thread_set_name
56182 : 0x98548efb2277f : 2 : ittapi_config_apply_per_lib :  ITTAPI function instrumented: __itt_thread_ignore
56182 : 0x98548efb22e21 : 2 : ittapi_config_apply_per_lib :  ITTAPI function instrumented: __itt_thr_name_set
56182 : 0x98548efb23499 : 2 : ittapi_config_apply_per_lib :  ITTAPI function instrumented: __itt_thr_ignore
56182 : 0x98548efc0714b : 2 : ittapi_config_apply_per_lib :  ITTAPI function not implemented: __itt_enable_attach
56182 : 0x98548efc07f21 : 2 : ittapi_config_apply_per_lib :  ITTAPI function NOT instrumented (not matched by --itt-config option): __itt_sync_create

56182 : 0x98548efc08467 : 2 : ittapi_config_apply_per_lib :  ITTAPI function NOT instrumented (not matched by --itt-config option): __itt_sync_rename

56182 : 0x98548efc088e3 : 2 : ittapi_config_apply_per_lib :  ITTAPI function NOT instrumented (not matched by --itt-config option): __itt_sync_destroy

56182 : 0x98548efc08d12 : 2 : ittapi_config_apply_per_lib :  ITTAPI function NOT instrumented (not matched by --itt-config option): __itt_sync_prepare

56182 : 0x98548efc090e8 : 2 : ittapi_config_apply_per_lib :  ITTAPI function NOT instrumented (not matched by --itt-config option): __itt_sync_cancel

56182 : 0x98548efc094cf : 2 : ittapi_config_apply_per_lib :  ITTAPI function NOT instrumented (not matched by --itt-config option): __itt_sync_acquired

56182 : 0x98548efc098cc : 2 : ittapi_config_apply_per_lib :  ITTAPI function NOT instrumented (not matched by --itt-config option): __itt_sync_releasing

56182 : 0x98548efc0ab84 : 2 : ittapi_config_apply_per_lib :  ITTAPI function not implemented: __itt_suppress_push
56182 : 0x98548efc0b41d : 2 : ittapi_config_apply_per_lib :  ITTAPI function not implemented: __itt_suppress_pop
56182 : 0x98548efce5c81 : 2 : ittapi_config_apply_per_lib :  ITTAPI function not implemented: __itt_suppress_mark_range
56182 : 0x98548efce69f5 : 2 : ittapi_config_apply_per_lib :  ITTAPI function not implemented: __itt_suppress_clear_range
56182 : 0x98548efce6ea6 : 2 : ittapi_config_apply_per_lib :  ITTAPI function NOT instrumented (not matched by --itt-config option): __itt_sync_prepare

56182 : 0x98548efce72a3 : 2 : ittapi_config_apply_per_lib :  ITTAPI function NOT instrumented (not matched by --itt-config option): __itt_sync_cancel

56182 : 0x98548efce76c5 : 2 : ittapi_config_apply_per_lib :  ITTAPI function NOT instrumented (not matched by --itt-config option): __itt_sync_acquired

56182 : 0x98548efce7abb : 2 : ittapi_config_apply_per_lib :  ITTAPI function NOT instrumented (not matched by --itt-config option): __itt_sync_releasing

56182 : 0x98548efce819b : 2 : ittapi_config_apply_per_lib :  ITTAPI function not implemented: __itt_model_site_begin
56182 : 0x98548efce886e : 2 : ittapi_config_apply_per_lib :  ITTAPI function not implemented: __itt_model_site_end
56182 : 0x98548efce8f78 : 2 : ittapi_config_apply_per_lib :  ITTAPI function not implemented: __itt_model_task_begin
56182 : 0x98548efce965a : 2 : ittapi_config_apply_per_lib :  ITTAPI function not implemented: __itt_model_task_end
56182 : 0x98548efd8a2a9 : 2 : ittapi_config_apply_per_lib :  ITTAPI function not implemented: __itt_model_lock_acquire
56182 : 0x98548efd8afe8 : 2 : ittapi_config_apply_per_lib :  ITTAPI function not implemented: __itt_model_lock_release
56182 : 0x98548efd8b726 : 2 : ittapi_config_apply_per_lib :  ITTAPI function not implemented: __itt_model_record_allocation
56182 : 0x98548efd8be2b : 2 : ittapi_config_apply_per_lib :  ITTAPI function not implemented: __itt_model_record_deallocation
56182 : 0x98548efd8c4e5 : 2 : ittapi_config_apply_per_lib :  ITTAPI function not implemented: __itt_model_induction_uses
56182 : 0x98548efd8cb75 : 2 : ittapi_config_apply_per_lib :  ITTAPI function not implemented: __itt_model_reduction_uses
56182 : 0x98548efd8d271 : 2 : ittapi_config_apply_per_lib :  ITTAPI function not implemented: __itt_model_observe_uses
56182 : 0x98548efd8d90d : 2 : ittapi_config_apply_per_lib :  ITTAPI function not implemented: __itt_model_clear_uses
56182 : 0x98548efd8e063 : 2 : ittapi_config_apply_per_lib :  ITTAPI function not implemented: __itt_model_site_beginA
56182 : 0x98548efd8e71a : 2 : ittapi_config_apply_per_lib :  ITTAPI function not implemented: __itt_model_site_beginAL
56182 : 0x98548efe0a3bb : 2 : ittapi_config_apply_per_lib :  ITTAPI function not implemented: __itt_model_task_beginA
56182 : 0x98548efe0b141 : 2 : ittapi_config_apply_per_lib :  ITTAPI function not implemented: __itt_model_task_beginAL
56182 : 0x98548efe0b81c : 2 : ittapi_config_apply_per_lib :  ITTAPI function not implemented: __itt_model_iteration_taskA
56182 : 0x98548efe0bec7 : 2 : ittapi_config_apply_per_lib :  ITTAPI function not implemented: __itt_model_iteration_taskAL
56182 : 0x98548efe0c566 : 2 : ittapi_config_apply_per_lib :  ITTAPI function not implemented: __itt_model_site_end_2
56182 : 0x98548efe0cb37 : 2 : ittapi_config_apply_per_lib :  ITTAPI function not implemented: __itt_model_task_end_2
56182 : 0x98548efe0d290 : 2 : ittapi_config_apply_per_lib :  ITTAPI function not implemented: __itt_model_lock_acquire_2
56182 : 0x98548efe0d951 : 2 : ittapi_config_apply_per_lib :  ITTAPI function not implemented: __itt_model_lock_release_2
56182 : 0x98548efe0e01b : 2 : ittapi_config_apply_per_lib :  ITTAPI function not implemented: __itt_model_aggregate_task
56182 : 0x98548efe0e67c : 2 : ittapi_config_apply_per_lib :  ITTAPI function not implemented: __itt_model_disable_push
56182 : 0x98548efe94581 : 2 : ittapi_config_apply_per_lib :  ITTAPI function not implemented: __itt_model_disable_pop
56182 : 0x98548efe95274 : 2 : ittapi_config_apply_per_lib :  ITTAPI function not implemented: __itt_heap_function_create
56182 : 0x98548efe95969 : 2 : ittapi_config_apply_per_lib :  ITTAPI function not implemented: __itt_heap_allocate_begin
56182 : 0x98548efe95fdd : 2 : ittapi_config_apply_per_lib :  ITTAPI function not implemented: __itt_heap_allocate_end
56182 : 0x98548efe96762 : 2 : ittapi_config_apply_per_lib :  ITTAPI function not implemented: __itt_heap_free_begin
56182 : 0x98548efe96e2e : 2 : ittapi_config_apply_per_lib :  ITTAPI function not implemented: __itt_heap_free_end
56182 : 0x98548efe97540 : 2 : ittapi_config_apply_per_lib :  ITTAPI function not implemented: __itt_heap_reallocate_begin
56182 : 0x98548efe97b8b : 2 : ittapi_config_apply_per_lib :  ITTAPI function not implemented: __itt_heap_reallocate_end
56182 : 0x98548efe98299 : 2 : ittapi_config_apply_per_lib :  ITTAPI function not implemented: __itt_heap_internal_access_begin
56182 : 0x98548efe9897a : 2 : ittapi_config_apply_per_lib :  ITTAPI function not implemented: __itt_heap_internal_access_end
56182 : 0x98548eff09b63 : 2 : ittapi_config_apply_per_lib :  ITTAPI function not implemented: __itt_heap_record_memory_growth_begin
56182 : 0x98548eff0a80f : 2 : ittapi_config_apply_per_lib :  ITTAPI function not implemented: __itt_heap_record_memory_growth_end
56182 : 0x98548eff0aead : 2 : ittapi_config_apply_per_lib :  ITTAPI function not implemented: __itt_heap_reset_detection
56182 : 0x98548eff0b544 : 2 : ittapi_config_apply_per_lib :  ITTAPI function not implemented: __itt_heap_record
56182 : 0x98548eff0bc24 : 2 : ittapi_config_apply_per_lib :  ITTAPI function not implemented: __itt_id_create
56182 : 0x98548eff0c2aa : 2 : ittapi_config_apply_per_lib :  ITTAPI function not implemented: __itt_id_destroy
56182 : 0x98548eff0c8c9 : 2 : ittapi_config_apply_per_lib :  ITTAPI function instrumented: __itt_get_timestamp
56182 : 0x98548eff0cf0f : 2 : ittapi_config_apply_per_lib :  ITTAPI function not implemented: __itt_region_begin
56182 : 0x98548eff0d54f : 2 : ittapi_config_apply_per_lib :  ITTAPI function not implemented: __itt_region_end
56182 : 0x98548eff0daf6 : 2 : ittapi_config_apply_per_lib :  ITTAPI function instrumented: __itt_frame_begin_v3
56182 : 0x98548eff841f7 : 2 : ittapi_config_apply_per_lib :  ITTAPI function instrumented: __itt_frame_end_v3
56182 : 0x98548eff84d04 : 2 : ittapi_config_apply_per_lib :  ITTAPI function instrumented: __itt_frame_submit_v3
56182 : 0x98548eff8517a : 2 : ittapi_config_apply_per_lib :  ITTAPI function NOT instrumented (not matched by --itt-config option): __itt_task_group

56182 : 0x98548eff855c5 : 2 : ittapi_config_apply_per_lib :  ITTAPI function NOT instrumented (not matched by --itt-config option): __itt_task_begin

56182 : 0x98548eff859a4 : 2 : ittapi_config_apply_per_lib :  ITTAPI function NOT instrumented (not matched by --itt-config option): __itt_task_begin_fn

56182 : 0x98548eff85db7 : 2 : ittapi_config_apply_per_lib :  ITTAPI function NOT instrumented (not matched by --itt-config option): __itt_task_end

56182 : 0x98548eff8662e : 2 : ittapi_config_apply_per_lib :  ITTAPI function not implemented: __itt_counter_inc_v3
56182 : 0x98548eff86d74 : 2 : ittapi_config_apply_per_lib :  ITTAPI function not implemented: __itt_counter_inc_delta_v3
56182 : 0x98548eff873e8 : 2 : ittapi_config_apply_per_lib :  ITTAPI function not implemented: __itt_marker
56182 : 0x98548eff8799d : 2 : ittapi_config_apply_per_lib :  ITTAPI function instrumented: __itt_metadata_add
56182 : 0x98548efff3754 : 2 : ittapi_config_apply_per_lib :  ITTAPI function not implemented: __itt_metadata_str_add
56182 : 0x98548efff444c : 2 : ittapi_config_apply_per_lib :  ITTAPI function not implemented: __itt_relation_add_to_current
56182 : 0x98548efff4ab6 : 2 : ittapi_config_apply_per_lib :  ITTAPI function not implemented: __itt_relation_add
56182 : 0x98548efff50cf : 2 : ittapi_config_apply_per_lib :  ITTAPI function instrumented: __itt_event_create
56182 : 0x98548efff54e7 : 2 : ittapi_config_apply_per_lib :  ITTAPI function NOT instrumented (not matched by --itt-config option): __itt_event_start

56182 : 0x98548efff590c : 2 : ittapi_config_apply_per_lib :  ITTAPI function NOT instrumented (not matched by --itt-config option): __itt_event_end

56182 : 0x98548efff5d3e : 2 : ittapi_config_apply_per_lib :  ITTAPI function NOT instrumented (not matched by --itt-config option): __itt_sync_set_name

56182 : 0x98548efff6245 : 2 : ittapi_config_apply_per_lib :  ITTAPI function instrumented: __itt_notify_sync_name
56182 : 0x98548efff67ac : 2 : ittapi_config_apply_per_lib :  ITTAPI function instrumented: __itt_notify_sync_prepare
56182 : 0x98548efff6cde : 2 : ittapi_config_apply_per_lib :  ITTAPI function instrumented: __itt_notify_sync_cancel
56182 : 0x98548f0063aa5 : 2 : ittapi_config_apply_per_lib :  ITTAPI function instrumented: __itt_notify_sync_acquired
56182 : 0x98548f0064479 : 2 : ittapi_config_apply_per_lib :  ITTAPI function instrumented: __itt_notify_sync_releasing
56182 : 0x98548f0064cb5 : 2 : ittapi_config_apply_per_lib :  ITTAPI function not implemented: __itt_memory_read
56182 : 0x98548f00653e4 : 2 : ittapi_config_apply_per_lib :  ITTAPI function not implemented: __itt_memory_write
56182 : 0x98548f0065a49 : 2 : ittapi_config_apply_per_lib :  ITTAPI function not implemented: __itt_memory_update
56182 : 0x98548f00660f8 : 2 : ittapi_config_apply_per_lib :  ITTAPI function not implemented: __itt_state_get
56182 : 0x98548f0066700 : 2 : ittapi_config_apply_per_lib :  ITTAPI function not implemented: __itt_state_set
56182 : 0x98548f0066d20 : 2 : ittapi_config_apply_per_lib :  ITTAPI function not implemented: __itt_obj_mode_set
56182 : 0x98548f0067372 : 2 : ittapi_config_apply_per_lib :  ITTAPI function not implemented: __itt_thr_mode_set
56182 : 0x98548f00678d3 : 2 : ittapi_config_apply_per_lib :  ITTAPI function instrumented: __itt_frame_create
56182 : 0x98548f00d871a : 2 : ittapi_config_apply_per_lib :  ITTAPI function instrumented: __itt_frame_begin
56182 : 0x98548f00d9296 : 2 : ittapi_config_apply_per_lib :  ITTAPI function instrumented: __itt_frame_end
56182 : 0x98548f00d9bcc : 2 : ittapi_config_apply_per_lib :  ITTAPI function not implemented: __itt_counter_create
56182 : 0x98548f00da304 : 2 : ittapi_config_apply_per_lib :  ITTAPI function not implemented: __itt_counter_destroy
56182 : 0x98548f00da9b1 : 2 : ittapi_config_apply_per_lib :  ITTAPI function not implemented: __itt_counter_inc
56182 : 0x98548f00db182 : 2 : ittapi_config_apply_per_lib :  ITTAPI function not implemented: __itt_counter_inc_delta
56182 : 0x98548f00db82a : 2 : ittapi_config_apply_per_lib :  ITTAPI function not implemented: __itt_mark_create
56182 : 0x98548f00dbe4d : 2 : ittapi_config_apply_per_lib :  ITTAPI function not implemented: __itt_mark
56182 : 0x98548f00dc58e : 2 : ittapi_config_apply_per_lib :  ITTAPI function not implemented: __itt_mark_off
56182 : 0x98548f00dcc27 : 2 : ittapi_config_apply_per_lib :  ITTAPI function not implemented: __itt_mark_global
56182 : 0x98548f015ce45 : 2 : ittapi_config_apply_per_lib :  ITTAPI function not implemented: __itt_mark_global_off
56182 : 0x98548f015d98a : 2 : ittapi_config_apply_per_lib :  ITTAPI function instrumented: __itt_stack_caller_create
56182 : 0x98548f015df6b : 2 : ittapi_config_apply_per_lib :  ITTAPI function instrumented: __itt_stack_caller_destroy
56182 : 0x98548f015e50c : 2 : ittapi_config_apply_per_lib :  ITTAPI function instrumented: __itt_stack_callee_enter
56182 : 0x98548f015ea42 : 2 : ittapi_config_apply_per_lib :  ITTAPI function instrumented: __itt_stack_callee_leave
56182 : 0x98548f015f0cf : 2 : ittapi_config_apply_per_lib :  ITTAPI function not implemented: __itt_clock_domain_create
56182 : 0x98548f015f7c6 : 2 : ittapi_config_apply_per_lib :  ITTAPI function not implemented: __itt_clock_domain_reset
56182 : 0x98548f015fe2d : 2 : ittapi_config_apply_per_lib :  ITTAPI function not implemented: __itt_id_create_ex
56182 : 0x98548f016049c : 2 : ittapi_config_apply_per_lib :  ITTAPI function not implemented: __itt_id_destroy_ex
56182 : 0x98548f0160880 : 2 : ittapi_config_apply_per_lib :  ITTAPI function NOT instrumented (not matched by --itt-config option): __itt_task_begin_ex

56182 : 0x98548f01cefc6 : 2 : ittapi_config_apply_per_lib :  ITTAPI function NOT instrumented (not matched by --itt-config option): __itt_task_begin_fn_ex

56182 : 0x98548f01cf977 : 2 : ittapi_config_apply_per_lib :  ITTAPI function NOT instrumented (not matched by --itt-config option): __itt_task_end_ex

56182 : 0x98548f01cfd5c : 2 : ittapi_config_apply_per_lib :  ITTAPI function NOT instrumented (not matched by --itt-config option): __itt_task_begin_overlapped

56182 : 0x98548f01d0168 : 2 : ittapi_config_apply_per_lib :  ITTAPI function NOT instrumented (not matched by --itt-config option): __itt_task_begin_overlapped_ex

56182 : 0x98548f01d056e : 2 : ittapi_config_apply_per_lib :  ITTAPI function NOT instrumented (not matched by --itt-config option): __itt_task_end_overlapped

56182 : 0x98548f01d0989 : 2 : ittapi_config_apply_per_lib :  ITTAPI function NOT instrumented (not matched by --itt-config option): __itt_task_end_overlapped_ex

56182 : 0x98548f01d16bb : 2 : ittapi_config_apply_per_lib :  ITTAPI function not implemented: __itt_marker_ex
56182 : 0x98548f01d1d9d : 2 : ittapi_config_apply_per_lib :  ITTAPI function not implemented: __itt_metadata_add_with_scope
56182 : 0x98548f01d24bc : 2 : ittapi_config_apply_per_lib :  ITTAPI function not implemented: __itt_metadata_str_add_with_scope
56182 : 0x98548f01d2be5 : 2 : ittapi_config_apply_per_lib :  ITTAPI function not implemented: __itt_relation_add_to_current_ex
56182 : 0x98548f02409f8 : 2 : ittapi_config_apply_per_lib :  ITTAPI function not implemented: __itt_relation_add_ex
56182 : 0x98548f024169e : 2 : ittapi_config_apply_per_lib :  ITTAPI function not implemented: __itt_track_group_create
56182 : 0x98548f0241d47 : 2 : ittapi_config_apply_per_lib :  ITTAPI function not implemented: __itt_track_create
56182 : 0x98548f02423e3 : 2 : ittapi_config_apply_per_lib :  ITTAPI function not implemented: __itt_set_track
56182 : 0x98548f0242933 : 2 : ittapi_config_apply_per_lib :  ITTAPI function instrumented: __itt_api_version
56182 : 0x98548f0242f68 : 2 : ittapi_config_apply_per_lib :  ITTAPI function not implemented: __itt_av_save
56182 : 0x98548f0270798 : 2 : ittapi_config_mask_get :  --itt-config mask to be applied: 17
56182 : 0x98548f027147e : 2 : ittapi_config_apply_per_lib :  ITTAPI function instrumented: __itt_domain_create
56182 : 0x98548f0271a6a : 2 : ittapi_config_apply_per_lib :  ITTAPI function instrumented: __itt_string_handle_create
56182 : 0x98548f0272030 : 2 : ittapi_config_apply_per_lib :  ITTAPI function instrumented: __itt_pause
56182 : 0x98548f02e5bdd : 2 : ittapi_config_apply_per_lib :  ITTAPI function instrumented: __itt_resume
56182 : 0x98548f02e66dc : 2 : ittapi_config_apply_per_lib :  ITTAPI function instrumented: __itt_thread_set_name
56182 : 0x98548f02e6cde : 2 : ittapi_config_apply_per_lib :  ITTAPI function instrumented: __itt_thread_ignore
56182 : 0x98548f02e7253 : 2 : ittapi_config_apply_per_lib :  ITTAPI function instrumented: __itt_thr_name_set
56182 : 0x98548f02e77d6 : 2 : ittapi_config_apply_per_lib :  ITTAPI function instrumented: __itt_thr_ignore
56182 : 0x98548f02e8131 : 2 : ittapi_config_apply_per_lib :  ITTAPI function not implemented: __itt_enable_attach
56182 : 0x98548f02e85de : 2 : ittapi_config_apply_per_lib :  ITTAPI function NOT instrumented (not matched by --itt-config option): __itt_sync_create

56182 : 0x98548f02e8a57 : 2 : ittapi_config_apply_per_lib :  ITTAPI function NOT instrumented (not matched by --itt-config option): __itt_sync_rename

56182 : 0x98548f02e8e5b : 2 : ittapi_config_apply_per_lib :  ITTAPI function NOT instrumented (not matched by --itt-config option): __itt_sync_destroy

56182 : 0x98548f02e9286 : 2 : ittapi_config_apply_per_lib :  ITTAPI function NOT instrumented (not matched by --itt-config option): __itt_sync_prepare

56182 : 0x98548f0357cac : 2 : ittapi_config_apply_per_lib :  ITTAPI function NOT instrumented (not matched by --itt-config option): __itt_sync_cancel

56182 : 0x98548f035868d : 2 : ittapi_config_apply_per_lib :  ITTAPI function NOT instrumented (not matched by --itt-config option): __itt_sync_acquired

56182 : 0x98548f0358a89 : 2 : ittapi_config_apply_per_lib :  ITTAPI function NOT instrumented (not matched by --itt-config option): __itt_sync_releasing

56182 : 0x98548f0359683 : 2 : ittapi_config_apply_per_lib :  ITTAPI function not implemented: __itt_suppress_push
56182 : 0x98548f0359e19 : 2 : ittapi_config_apply_per_lib :  ITTAPI function not implemented: __itt_suppress_pop
56182 : 0x98548f035a500 : 2 : ittapi_config_apply_per_lib :  ITTAPI function not implemented: __itt_suppress_mark_range
56182 : 0x98548f035abc8 : 2 : ittapi_config_apply_per_lib :  ITTAPI function not implemented: __itt_suppress_clear_range
56182 : 0x98548f035afde : 2 : ittapi_config_apply_per_lib :  ITTAPI function NOT instrumented (not matched by --itt-config option): __itt_sync_prepare

56182 : 0x98548f035b3b3 : 2 : ittapi_config_apply_per_lib :  ITTAPI function NOT instrumented (not matched by --itt-config option): __itt_sync_cancel

56182 : 0x98548f035b78f : 2 : ittapi_config_apply_per_lib :  ITTAPI function NOT instrumented (not matched by --itt-config option): __itt_sync_acquired

56182 : 0x98548f03ca021 : 2 : ittapi_config_apply_per_lib :  ITTAPI function NOT instrumented (not matched by --itt-config option): __itt_sync_releasing

56182 : 0x98548f03cb25c : 2 : ittapi_config_apply_per_lib :  ITTAPI function not implemented: __itt_model_site_begin
56182 : 0x98548f03cb9ad : 2 : ittapi_config_apply_per_lib :  ITTAPI function not implemented: __itt_model_site_end
56182 : 0x98548f03cc095 : 2 : ittapi_config_apply_per_lib :  ITTAPI function not implemented: __itt_model_task_begin
56182 : 0x98548f03cc753 : 2 : ittapi_config_apply_per_lib :  ITTAPI function not implemented: __itt_model_task_end
56182 : 0x98548f03ccda8 : 2 : ittapi_config_apply_per_lib :  ITTAPI function not implemented: __itt_model_lock_acquire
56182 : 0x98548f03cd43c : 2 : ittapi_config_apply_per_lib :  ITTAPI function not implemented: __itt_model_lock_release
56182 : 0x98548f03cdad7 : 2 : ittapi_config_apply_per_lib :  ITTAPI function not implemented: __itt_model_record_allocation
56182 : 0x98548f03ce15a : 2 : ittapi_config_apply_per_lib :  ITTAPI function not implemented: __itt_model_record_deallocation
56182 : 0x98548f03ce833 : 2 : ittapi_config_apply_per_lib :  ITTAPI function not implemented: __itt_model_induction_uses
56182 : 0x98548f044e471 : 2 : ittapi_config_apply_per_lib :  ITTAPI function not implemented: __itt_model_reduction_uses
56182 : 0x98548f044f0db : 2 : ittapi_config_apply_per_lib :  ITTAPI function not implemented: __itt_model_observe_uses
56182 : 0x98548f044f7cb : 2 : ittapi_config_apply_per_lib :  ITTAPI function not implemented: __itt_model_clear_uses
56182 : 0x98548f044fea1 : 2 : ittapi_config_apply_per_lib :  ITTAPI function not implemented: __itt_model_site_beginA
56182 : 0x98548f0450531 : 2 : ittapi_config_apply_per_lib :  ITTAPI function not implemented: __itt_model_site_beginAL
56182 : 0x98548f0450bd5 : 2 : ittapi_config_apply_per_lib :  ITTAPI function not implemented: __itt_model_task_beginA
56182 : 0x98548f0451276 : 2 : ittapi_config_apply_per_lib :  ITTAPI function not implemented: __itt_model_task_beginAL
56182 : 0x98548f045193b : 2 : ittapi_config_apply_per_lib :  ITTAPI function not implemented: __itt_model_iteration_taskA
56182 : 0x98548f045201b : 2 : ittapi_config_apply_per_lib :  ITTAPI function not implemented: __itt_model_iteration_taskAL
56182 : 0x98548f0452688 : 2 : ittapi_config_apply_per_lib :  ITTAPI function not implemented: __itt_model_site_end_2
56182 : 0x98548f04ce56a : 2 : ittapi_config_apply_per_lib :  ITTAPI function not implemented: __itt_model_task_end_2
56182 : 0x98548f04cf1cb : 2 : ittapi_config_apply_per_lib :  ITTAPI function not implemented: __itt_model_lock_acquire_2
56182 : 0x98548f04cf902 : 2 : ittapi_config_apply_per_lib :  ITTAPI function not implemented: __itt_model_lock_release_2
56182 : 0x98548f04cff9f : 2 : ittapi_config_apply_per_lib :  ITTAPI function not implemented: __itt_model_aggregate_task
56182 : 0x98548f04d0602 : 2 : ittapi_config_apply_per_lib :  ITTAPI function not implemented: __itt_model_disable_push
56182 : 0x98548f04d0c52 : 2 : ittapi_config_apply_per_lib :  ITTAPI function not implemented: __itt_model_disable_pop
56182 : 0x98548f04d1331 : 2 : ittapi_config_apply_per_lib :  ITTAPI function not implemented: __itt_heap_function_create
56182 : 0x98548f04d19e6 : 2 : ittapi_config_apply_per_lib :  ITTAPI function not implemented: __itt_heap_allocate_begin
56182 : 0x98548f04d206b : 2 : ittapi_config_apply_per_lib :  ITTAPI function not implemented: __itt_heap_allocate_end
56182 : 0x98548f04d275b : 2 : ittapi_config_apply_per_lib :  ITTAPI function not implemented: __itt_heap_free_begin
56182 : 0x98548f0542646 : 2 : ittapi_config_apply_per_lib :  ITTAPI function not implemented: __itt_heap_free_end
56182 : 0x98548f05432e1 : 2 : ittapi_config_apply_per_lib :  ITTAPI function not implemented: __itt_heap_reallocate_begin
56182 : 0x98548f0543926 : 2 : ittapi_config_apply_per_lib :  ITTAPI function not implemented: __itt_heap_reallocate_end
56182 : 0x98548f054404a : 2 : ittapi_config_apply_per_lib :  ITTAPI function not implemented: __itt_heap_internal_access_begin
56182 : 0x98548f0544735 : 2 : ittapi_config_apply_per_lib :  ITTAPI function not implemented: __itt_heap_internal_access_end
56182 : 0x98548f0544e74 : 2 : ittapi_config_apply_per_lib :  ITTAPI function not implemented: __itt_heap_record_memory_growth_begin
56182 : 0x98548f0545550 : 2 : ittapi_config_apply_per_lib :  ITTAPI function not implemented: __itt_heap_record_memory_growth_end
56182 : 0x98548f0545bf3 : 2 : ittapi_config_apply_per_lib :  ITTAPI function not implemented: __itt_heap_reset_detection
56182 : 0x98548f054623b : 2 : ittapi_config_apply_per_lib :  ITTAPI function not implemented: __itt_heap_record
56182 : 0x98548f05468c9 : 2 : ittapi_config_apply_per_lib :  ITTAPI function not implemented: __itt_id_create
56182 : 0x98548f05b94d2 : 2 : ittapi_config_apply_per_lib :  ITTAPI function not implemented: __itt_id_destroy
56182 : 0x98548f05ba063 : 2 : ittapi_config_apply_per_lib :  ITTAPI function instrumented: __itt_get_timestamp
56182 : 0x98548f05ba6f8 : 2 : ittapi_config_apply_per_lib :  ITTAPI function not implemented: __itt_region_begin
56182 : 0x98548f05bacec : 2 : ittapi_config_apply_per_lib :  ITTAPI function not implemented: __itt_region_end
56182 : 0x98548f05bb2a6 : 2 : ittapi_config_apply_per_lib :  ITTAPI function instrumented: __itt_frame_begin_v3
56182 : 0x98548f05bb7d9 : 2 : ittapi_config_apply_per_lib :  ITTAPI function instrumented: __itt_frame_end_v3
56182 : 0x98548f05bbd3d : 2 : ittapi_config_apply_per_lib :  ITTAPI function instrumented: __itt_frame_submit_v3
56182 : 0x98548f05bc13c : 2 : ittapi_config_apply_per_lib :  ITTAPI function NOT instrumented (not matched by --itt-config option): __itt_task_group

56182 : 0x98548f05bc5a2 : 2 : ittapi_config_apply_per_lib :  ITTAPI function NOT instrumented (not matched by --itt-config option): __itt_task_begin

56182 : 0x98548f05bc958 : 2 : ittapi_config_apply_per_lib :  ITTAPI function NOT instrumented (not matched by --itt-config option): __itt_task_begin_fn

56182 : 0x98548f0631e94 : 2 : ittapi_config_apply_per_lib :  ITTAPI function NOT instrumented (not matched by --itt-config option): __itt_task_end

56182 : 0x98548f0632eba : 2 : ittapi_config_apply_per_lib :  ITTAPI function not implemented: __itt_counter_inc_v3
56182 : 0x98548f0633675 : 2 : ittapi_config_apply_per_lib :  ITTAPI function not implemented: __itt_counter_inc_delta_v3
56182 : 0x98548f0633ce3 : 2 : ittapi_config_apply_per_lib :  ITTAPI function not implemented: __itt_marker
56182 : 0x98548f06342d3 : 2 : ittapi_config_apply_per_lib :  ITTAPI function instrumented: __itt_metadata_add
56182 : 0x98548f063494c : 2 : ittapi_config_apply_per_lib :  ITTAPI function not implemented: __itt_metadata_str_add
56182 : 0x98548f0634fd4 : 2 : ittapi_config_apply_per_lib :  ITTAPI function not implemented: __itt_relation_add_to_current
56182 : 0x98548f063562e : 2 : ittapi_config_apply_per_lib :  ITTAPI function not implemented: __itt_relation_add
56182 : 0x98548f0635b96 : 2 : ittapi_config_apply_per_lib :  ITTAPI function instrumented: __itt_event_create
56182 : 0x98548f0635f45 : 2 : ittapi_config_apply_per_lib :  ITTAPI function NOT instrumented (not matched by --itt-config option): __itt_event_start

56182 : 0x98548f06a9d86 : 2 : ittapi_config_apply_per_lib :  ITTAPI function NOT instrumented (not matched by --itt-config option): __itt_event_end

56182 : 0x98548f06aa705 : 2 : ittapi_config_apply_per_lib :  ITTAPI function NOT instrumented (not matched by --itt-config option): __itt_sync_set_name

56182 : 0x98548f06aafb3 : 2 : ittapi_config_apply_per_lib :  ITTAPI function instrumented: __itt_notify_sync_name
56182 : 0x98548f06ab515 : 2 : ittapi_config_apply_per_lib :  ITTAPI function instrumented: __itt_notify_sync_prepare
56182 : 0x98548f06aba8c : 2 : ittapi_config_apply_per_lib :  ITTAPI function instrumented: __itt_notify_sync_cancel
56182 : 0x98548f06ac027 : 2 : ittapi_config_apply_per_lib :  ITTAPI function instrumented: __itt_notify_sync_acquired
56182 : 0x98548f06ac542 : 2 : ittapi_config_apply_per_lib :  ITTAPI function instrumented: __itt_notify_sync_releasing
56182 : 0x98548f06acdd0 : 2 : ittapi_config_apply_per_lib :  ITTAPI function not implemented: __itt_memory_read
56182 : 0x98548f06ad4db : 2 : ittapi_config_apply_per_lib :  ITTAPI function not implemented: __itt_memory_write
56182 : 0x98548f06adb0d : 2 : ittapi_config_apply_per_lib :  ITTAPI function not implemented: __itt_memory_update
56182 : 0x98548f071ceb2 : 2 : ittapi_config_apply_per_lib :  ITTAPI function not implemented: __itt_state_get
56182 : 0x98548f071d9e7 : 2 : ittapi_config_apply_per_lib :  ITTAPI function not implemented: __itt_state_set
56182 : 0x98548f071ec2a : 2 : ittapi_config_apply_per_lib :  ITTAPI function not implemented: __itt_obj_mode_set
56182 : 0x98548f071f2a6 : 2 : ittapi_config_apply_per_lib :  ITTAPI function not implemented: __itt_thr_mode_set
56182 : 0x98548f071f824 : 2 : ittapi_config_apply_per_lib :  ITTAPI function instrumented: __itt_frame_create
56182 : 0x98548f071fd85 : 2 : ittapi_config_apply_per_lib :  ITTAPI function instrumented: __itt_frame_begin
56182 : 0x98548f07202b9 : 2 : ittapi_config_apply_per_lib :  ITTAPI function instrumented: __itt_frame_end
56182 : 0x98548f072090d : 2 : ittapi_config_apply_per_lib :  ITTAPI function not implemented: __itt_counter_create
56182 : 0x98548f0720f57 : 2 : ittapi_config_apply_per_lib :  ITTAPI function not implemented: __itt_counter_destroy
56182 : 0x98548f0721566 : 2 : ittapi_config_apply_per_lib :  ITTAPI function not implemented: __itt_counter_inc
56182 : 0x98548f07958e6 : 2 : ittapi_config_apply_per_lib :  ITTAPI function not implemented: __itt_counter_inc_delta
56182 : 0x98548f0796455 : 2 : ittapi_config_apply_per_lib :  ITTAPI function not implemented: __itt_mark_create
56182 : 0x98548f0796ab4 : 2 : ittapi_config_apply_per_lib :  ITTAPI function not implemented: __itt_mark
56182 : 0x98548f07971ac : 2 : ittapi_config_apply_per_lib :  ITTAPI function not implemented: __itt_mark_off
56182 : 0x98548f0797849 : 2 : ittapi_config_apply_per_lib :  ITTAPI function not implemented: __itt_mark_global
56182 : 0x98548f0797eac : 2 : ittapi_config_apply_per_lib :  ITTAPI function not implemented: __itt_mark_global_off
56182 : 0x98548f079847d : 2 : ittapi_config_apply_per_lib :  ITTAPI function instrumented: __itt_stack_caller_create
56182 : 0x98548f07989ee : 2 : ittapi_config_apply_per_lib :  ITTAPI function instrumented: __itt_stack_caller_destroy
56182 : 0x98548f0798f26 : 2 : ittapi_config_apply_per_lib :  ITTAPI function instrumented: __itt_stack_callee_enter
56182 : 0x98548f0799441 : 2 : ittapi_config_apply_per_lib :  ITTAPI function instrumented: __itt_stack_callee_leave
56182 : 0x98548f0805662 : 2 : ittapi_config_apply_per_lib :  ITTAPI function not implemented: __itt_clock_domain_create
56182 : 0x98548f080625b : 2 : ittapi_config_apply_per_lib :  ITTAPI function not implemented: __itt_clock_domain_reset
56182 : 0x98548f08068ac : 2 : ittapi_config_apply_per_lib :  ITTAPI function not implemented: __itt_id_create_ex
56182 : 0x98548f0806f26 : 2 : ittapi_config_apply_per_lib :  ITTAPI function not implemented: __itt_id_destroy_ex
56182 : 0x98548f0807344 : 2 : ittapi_config_apply_per_lib :  ITTAPI function NOT instrumented (not matched by --itt-config option): __itt_task_begin_ex

56182 : 0x98548f080776e : 2 : ittapi_config_apply_per_lib :  ITTAPI function NOT instrumented (not matched by --itt-config option): __itt_task_begin_fn_ex

56182 : 0x98548f0807b5f : 2 : ittapi_config_apply_per_lib :  ITTAPI function NOT instrumented (not matched by --itt-config option): __itt_task_end_ex

56182 : 0x98548f0807f66 : 2 : ittapi_config_apply_per_lib :  ITTAPI function NOT instrumented (not matched by --itt-config option): __itt_task_begin_overlapped

56182 : 0x98548f080837e : 2 : ittapi_config_apply_per_lib :  ITTAPI function NOT instrumented (not matched by --itt-config option): __itt_task_begin_overlapped_ex

56182 : 0x98548f080878b : 2 : ittapi_config_apply_per_lib :  ITTAPI function NOT instrumented (not matched by --itt-config option): __itt_task_end_overlapped

56182 : 0x98548f087ac98 : 2 : ittapi_config_apply_per_lib :  ITTAPI function NOT instrumented (not matched by --itt-config option): __itt_task_end_overlapped_ex

56182 : 0x98548f087bdbe : 2 : ittapi_config_apply_per_lib :  ITTAPI function not implemented: __itt_marker_ex
56182 : 0x98548f087c4d4 : 2 : ittapi_config_apply_per_lib :  ITTAPI function not implemented: __itt_metadata_add_with_scope
56182 : 0x98548f087cc14 : 2 : ittapi_config_apply_per_lib :  ITTAPI function not implemented: __itt_metadata_str_add_with_scope
56182 : 0x98548f087d320 : 2 : ittapi_config_apply_per_lib :  ITTAPI function not implemented: __itt_relation_add_to_current_ex
56182 : 0x98548f087d9e0 : 2 : ittapi_config_apply_per_lib :  ITTAPI function not implemented: __itt_relation_add_ex
56182 : 0x98548f087e0ca : 2 : ittapi_config_apply_per_lib :  ITTAPI function not implemented: __itt_track_group_create
56182 : 0x98548f087e750 : 2 : ittapi_config_apply_per_lib :  ITTAPI function not implemented: __itt_track_create
56182 : 0x98548f087ed9b : 2 : ittapi_config_apply_per_lib :  ITTAPI function not implemented: __itt_set_track
56182 : 0x98548f087f2ca : 2 : ittapi_config_apply_per_lib :  ITTAPI function instrumented: __itt_api_version
56182 : 0x98548f08fd6fc : 2 : ittapi_config_apply_per_lib :  ITTAPI function not implemented: __itt_av_save